<?xml version="1.0" encoding="UTF-8"?>
<!-- Generated by org.testng.reporters.JUnitXMLReporter -->
<testsuite ignored="0" hostname="Bhupendras-MacBook-Pro.local" failures="1" tests="13" name="Test Class 1" time="61.712" errors="0" timestamp="2020-07-11T15:18:17 IST">
  <testcase classname="parkplus.Visitor" name="open_visitor_login_page" time="2.868"/>
  <testcase classname="parkplus.Visitor" name="clear_phone_text_field" time="0.191"/>
  <testcase classname="parkplus.Visitor" name="input_phone_number_in_text_field" time="0.181"/>
  <testcase classname="parkplus.Visitor" name="Click_on_verify_button" time="18.949"/>
  <testcase classname="parkplus.Visitor" name="enter_otp_in_otp_boxes" time="10.967">
    <failure type="junit.framework.AssertionFailedError">
      <![CDATA[junit.framework.AssertionFailedError
at junit.framework.Assert.fail(Assert.java:55)
at junit.framework.Assert.assertTrue(Assert.java:22)
at junit.framework.Assert.assertTrue(Assert.java:31)
at common.TestBase.click(TestBase.java:355)
at parkplus.Visitor.enter_otp_in_otp_boxes(Visitor.java:74)
at java.base/java.util.ArrayList.forEach(ArrayList.java:1510)
... Removed 27 stack frames]]>
    </failure>
  </testcase> <!-- enter_otp_in_otp_boxes -->
  <testcase classname="parkplus.Visitor" name="submit_otp" time="1.014"/>
  <testcase classname="parkplus.Visitor" name="add_visitor" time="1.01"/>
  <testcase classname="parkplus.Visitor" name="accept_terms_and_conditions" time="1.016"/>
  <testcase classname="parkplus.Visitor" name="Confirm_terms_and_conditions_and_submit" time="1.016"/>
  <testcase classname="parkplus.Visitor" name="read_qr_go_to_home" time="21.325"/>
  <testcase classname="parkplus.Visitor" name="home_goto_my_bookings" time="1.012"/>
  <testcase classname="parkplus.Visitor" name="bookings_screen_shoping_parking_tab_switch" time="1.012"/>
  <testcase classname="parkplus.Visitor" name="go_back_from_my_bookings_to_home_screen" time="1.011"/>
</testsuite> <!-- Test Class 1 -->
