<?xml version="1.0" encoding="UTF-8"?>
<testng-results ignored="0" total="48" passed="47" failed="1" skipped="0">
  <reporter-output>
  </reporter-output>
  <suite started-at="2020-07-11T15:17:15 IST" name="Suite" finished-at="2020-07-11T15:18:27 IST" duration-ms="71476">
    <groups>
    </groups>
    <test started-at="2020-07-11T15:17:15 IST" name="Test Class 1" finished-at="2020-07-11T15:18:17 IST" duration-ms="61712">
      <class name="parkplus.Visitor">
        <test-method signature="open_visitor_login_page()[pri:0, instance:parkplus.Visitor@f5acb9d]" started-at="2020-07-11T15:17:15 IST" name="open_visitor_login_page" finished-at="2020-07-11T15:17:18 IST" duration-ms="2868" status="PASS">
          <reporter-output>
          </reporter-output>
        </test-method> <!-- open_visitor_login_page -->
        <test-method signature="clear_phone_text_field()[pri:1, instance:parkplus.Visitor@f5acb9d]" started-at="2020-07-11T15:17:18 IST" name="clear_phone_text_field" finished-at="2020-07-11T15:17:18 IST" duration-ms="191" status="PASS">
          <reporter-output>
          </reporter-output>
        </test-method> <!-- clear_phone_text_field -->
        <test-method signature="input_phone_number_in_text_field()[pri:2, instance:parkplus.Visitor@f5acb9d]" started-at="2020-07-11T15:17:18 IST" name="input_phone_number_in_text_field" finished-at="2020-07-11T15:17:18 IST" duration-ms="181" status="PASS">
          <reporter-output>
          </reporter-output>
        </test-method> <!-- input_phone_number_in_text_field -->
        <test-method signature="Click_on_verify_button()[pri:3, instance:parkplus.Visitor@f5acb9d]" started-at="2020-07-11T15:17:18 IST" name="Click_on_verify_button" finished-at="2020-07-11T15:17:37 IST" duration-ms="18949" status="PASS">
          <reporter-output>
          </reporter-output>
        </test-method> <!-- Click_on_verify_button -->
        <test-method signature="enter_otp_in_otp_boxes()[pri:4, instance:parkplus.Visitor@f5acb9d]" started-at="2020-07-11T15:17:37 IST" name="enter_otp_in_otp_boxes" finished-at="2020-07-11T15:17:48 IST" duration-ms="10967" status="FAIL">
          <exception class="junit.framework.AssertionFailedError">
            <full-stacktrace>
              <![CDATA[junit.framework.AssertionFailedError
at junit.framework.Assert.fail(Assert.java:55)
at junit.framework.Assert.assertTrue(Assert.java:22)
at junit.framework.Assert.assertTrue(Assert.java:31)
at common.TestBase.click(TestBase.java:355)
at parkplus.Visitor.enter_otp_in_otp_boxes(Visitor.java:74)
at java.base/jdk.internal.reflect.NativeMethodAccessorImpl.invoke0(Native Method)
at java.base/jdk.internal.reflect.NativeMethodAccessorImpl.invoke(NativeMethodAccessorImpl.java:62)
at java.base/jdk.internal.reflect.DelegatingMethodAccessorImpl.invoke(DelegatingMethodAccessorImpl.java:43)
at java.base/java.lang.reflect.Method.invoke(Method.java:564)
at org.testng.internal.MethodInvocationHelper.invokeMethod(MethodInvocationHelper.java:133)
at org.testng.internal.TestInvoker.invokeMethod(TestInvoker.java:584)
at org.testng.internal.TestInvoker.invokeTestMethod(TestInvoker.java:172)
at org.testng.internal.MethodRunner.runInSequence(MethodRunner.java:46)
at org.testng.internal.TestInvoker$MethodInvocationAgent.invoke(TestInvoker.java:804)
at org.testng.internal.TestInvoker.invokeTestMethods(TestInvoker.java:145)
at org.testng.internal.TestMethodWorker.invokeTestMethods(TestMethodWorker.java:146)
at org.testng.internal.TestMethodWorker.run(TestMethodWorker.java:128)
at java.base/java.util.ArrayList.forEach(ArrayList.java:1510)
at org.testng.TestRunner.privateRun(TestRunner.java:770)
at org.testng.TestRunner.run(TestRunner.java:591)
at org.testng.SuiteRunner.runTest(SuiteRunner.java:402)
at org.testng.SuiteRunner.runSequentially(SuiteRunner.java:396)
at org.testng.SuiteRunner.privateRun(SuiteRunner.java:355)
at org.testng.SuiteRunner.run(SuiteRunner.java:304)
at org.testng.SuiteRunnerWorker.runSuite(SuiteRunnerWorker.java:53)
at org.testng.SuiteRunnerWorker.run(SuiteRunnerWorker.java:96)
at org.testng.TestNG.runSuitesSequentially(TestNG.java:1180)
at org.testng.TestNG.runSuitesLocally(TestNG.java:1102)
at org.testng.TestNG.runSuites(TestNG.java:1032)
at org.testng.TestNG.run(TestNG.java:1000)
at org.testng.remote.AbstractRemoteTestNG.run(AbstractRemoteTestNG.java:115)
at org.testng.remote.RemoteTestNG.initAndRun(RemoteTestNG.java:251)
at org.testng.remote.RemoteTestNG.main(RemoteTestNG.java:77)
]]>
            </full-stacktrace>
          </exception> <!-- junit.framework.AssertionFailedError -->
          <reporter-output>
          </reporter-output>
        </test-method> <!-- enter_otp_in_otp_boxes -->
        <test-method signature="submit_otp()[pri:5, instance:parkplus.Visitor@f5acb9d]" started-at="2020-07-11T15:17:48 IST" name="submit_otp" finished-at="2020-07-11T15:17:49 IST" duration-ms="1014" status="PASS">
          <reporter-output>
          </reporter-output>
        </test-method> <!-- submit_otp -->
        <test-method signature="add_visitor()[pri:6, instance:parkplus.Visitor@f5acb9d]" started-at="2020-07-11T15:17:49 IST" name="add_visitor" finished-at="2020-07-11T15:17:50 IST" duration-ms="1010" status="PASS">
          <reporter-output>
          </reporter-output>
        </test-method> <!-- add_visitor -->
        <test-method signature="accept_terms_and_conditions()[pri:7, instance:parkplus.Visitor@f5acb9d]" started-at="2020-07-11T15:17:50 IST" name="accept_terms_and_conditions" finished-at="2020-07-11T15:17:51 IST" duration-ms="1016" status="PASS">
          <reporter-output>
          </reporter-output>
        </test-method> <!-- accept_terms_and_conditions -->
        <test-method signature="Confirm_terms_and_conditions_and_submit()[pri:8, instance:parkplus.Visitor@f5acb9d]" started-at="2020-07-11T15:17:51 IST" name="Confirm_terms_and_conditions_and_submit" finished-at="2020-07-11T15:17:52 IST" duration-ms="1016" status="PASS">
          <reporter-output>
          </reporter-output>
        </test-method> <!-- Confirm_terms_and_conditions_and_submit -->
        <test-method signature="read_qr_go_to_home()[pri:9, instance:parkplus.Visitor@f5acb9d]" started-at="2020-07-11T15:17:52 IST" name="read_qr_go_to_home" finished-at="2020-07-11T15:18:14 IST" duration-ms="21325" status="PASS">
          <reporter-output>
          </reporter-output>
        </test-method> <!-- read_qr_go_to_home -->
        <test-method signature="home_goto_my_bookings()[pri:10, instance:parkplus.Visitor@f5acb9d]" started-at="2020-07-11T15:18:14 IST" name="home_goto_my_bookings" finished-at="2020-07-11T15:18:15 IST" duration-ms="1012" status="PASS">
          <reporter-output>
          </reporter-output>
        </test-method> <!-- home_goto_my_bookings -->
        <test-method signature="bookings_screen_shoping_parking_tab_switch()[pri:11, instance:parkplus.Visitor@f5acb9d]" started-at="2020-07-11T15:18:15 IST" name="bookings_screen_shoping_parking_tab_switch" finished-at="2020-07-11T15:18:16 IST" duration-ms="1012" status="PASS">
          <reporter-output>
          </reporter-output>
        </test-method> <!-- bookings_screen_shoping_parking_tab_switch -->
        <test-method signature="go_back_from_my_bookings_to_home_screen()[pri:12, instance:parkplus.Visitor@f5acb9d]" started-at="2020-07-11T15:18:16 IST" name="go_back_from_my_bookings_to_home_screen" finished-at="2020-07-11T15:18:17 IST" duration-ms="1011" status="PASS">
          <reporter-output>
          </reporter-output>
        </test-method> <!-- go_back_from_my_bookings_to_home_screen -->
      </class> <!-- parkplus.Visitor -->
    </test> <!-- Test Class 1 -->
    <test started-at="2020-07-11T15:18:17 IST" name="Test Class 2" finished-at="2020-07-11T15:18:19 IST" duration-ms="2189">
      <class name="parkplus.Operator">
        <test-method signature="open_operator_login_page()[pri:0, instance:parkplus.Operator@2c1b194a]" started-at="2020-07-11T15:18:17 IST" name="open_operator_login_page" finished-at="2020-07-11T15:18:17 IST" duration-ms="7" status="PASS">
          <reporter-output>
          </reporter-output>
        </test-method> <!-- open_operator_login_page -->
        <test-method signature="clear_phone_text_field()[pri:1, instance:parkplus.Operator@2c1b194a]" started-at="2020-07-11T15:18:17 IST" name="clear_phone_text_field" finished-at="2020-07-11T15:18:17 IST" duration-ms="15" status="PASS">
          <reporter-output>
          </reporter-output>
        </test-method> <!-- clear_phone_text_field -->
        <test-method signature="input_phone_number_in_text_field()[pri:2, instance:parkplus.Operator@2c1b194a]" started-at="2020-07-11T15:18:17 IST" name="input_phone_number_in_text_field" finished-at="2020-07-11T15:18:17 IST" duration-ms="13" status="PASS">
          <reporter-output>
          </reporter-output>
        </test-method> <!-- input_phone_number_in_text_field -->
        <test-method signature="Click_on_verify_button()[pri:3, instance:parkplus.Operator@2c1b194a]" started-at="2020-07-11T15:18:17 IST" name="Click_on_verify_button" finished-at="2020-07-11T15:18:17 IST" duration-ms="5" status="PASS">
          <reporter-output>
          </reporter-output>
        </test-method> <!-- Click_on_verify_button -->
        <test-method signature="enter_otp_in_otp_boxes()[pri:4, instance:parkplus.Operator@2c1b194a]" started-at="2020-07-11T15:18:17 IST" name="enter_otp_in_otp_boxes" finished-at="2020-07-11T15:18:17 IST" duration-ms="9" status="PASS">
          <reporter-output>
          </reporter-output>
        </test-method> <!-- enter_otp_in_otp_boxes -->
        <test-method signature="submit_otp()[pri:5, instance:parkplus.Operator@2c1b194a]" started-at="2020-07-11T15:18:17 IST" name="submit_otp" finished-at="2020-07-11T15:18:18 IST" duration-ms="1012" status="PASS">
          <reporter-output>
          </reporter-output>
        </test-method> <!-- submit_otp -->
        <test-method signature="Click_on_scan_qr_code_button()[pri:6, instance:parkplus.Operator@2c1b194a]" started-at="2020-07-11T15:18:18 IST" name="Click_on_scan_qr_code_button" finished-at="2020-07-11T15:18:19 IST" duration-ms="1007" status="PASS">
          <reporter-output>
          </reporter-output>
        </test-method> <!-- Click_on_scan_qr_code_button -->
        <test-method signature="Enter_qr_code()[pri:7, instance:parkplus.Operator@2c1b194a]" started-at="2020-07-11T15:18:19 IST" name="Enter_qr_code" finished-at="2020-07-11T15:18:19 IST" duration-ms="4" status="PASS">
          <reporter-output>
          </reporter-output>
        </test-method> <!-- Enter_qr_code -->
        <test-method signature="submit_qr_code_for_entry()[pri:8, instance:parkplus.Operator@2c1b194a]" started-at="2020-07-11T15:18:19 IST" name="submit_qr_code_for_entry" finished-at="2020-07-11T15:18:19 IST" duration-ms="33" status="PASS">
          <reporter-output>
          </reporter-output>
        </test-method> <!-- submit_qr_code_for_entry -->
        <test-method signature="check_temprature_and_make_entry()[pri:9, instance:parkplus.Operator@2c1b194a]" started-at="2020-07-11T15:18:19 IST" name="check_temprature_and_make_entry" finished-at="2020-07-11T15:18:19 IST" duration-ms="11" status="PASS">
          <reporter-output>
          </reporter-output>
        </test-method> <!-- check_temprature_and_make_entry -->
        <test-method signature="operator_logout()[pri:10, instance:parkplus.Operator@2c1b194a]" started-at="2020-07-11T15:18:19 IST" name="operator_logout" finished-at="2020-07-11T15:18:19 IST" duration-ms="8" status="PASS">
          <reporter-output>
          </reporter-output>
        </test-method> <!-- operator_logout -->
      </class> <!-- parkplus.Operator -->
    </test> <!-- Test Class 2 -->
    <test started-at="2020-07-11T15:18:19 IST" name="Test Class 3" finished-at="2020-07-11T15:18:25 IST" duration-ms="5193">
      <class name="parkplus.Tenant">
        <test-method signature="open_tetant_login_page()[pri:0, instance:parkplus.Tenant@82de64a]" started-at="2020-07-11T15:18:19 IST" name="open_tetant_login_page" finished-at="2020-07-11T15:18:19 IST" duration-ms="21" status="PASS">
          <reporter-output>
          </reporter-output>
        </test-method> <!-- open_tetant_login_page -->
        <test-method signature="clear_phone_text_field()[pri:1, instance:parkplus.Tenant@82de64a]" started-at="2020-07-11T15:18:19 IST" name="clear_phone_text_field" finished-at="2020-07-11T15:18:19 IST" duration-ms="5" status="PASS">
          <reporter-output>
          </reporter-output>
        </test-method> <!-- clear_phone_text_field -->
        <test-method signature="input_phone_number_in_text_field()[pri:2, instance:parkplus.Tenant@82de64a]" started-at="2020-07-11T15:18:19 IST" name="input_phone_number_in_text_field" finished-at="2020-07-11T15:18:19 IST" duration-ms="5" status="PASS">
          <reporter-output>
          </reporter-output>
        </test-method> <!-- input_phone_number_in_text_field -->
        <test-method signature="Click_on_verify_button()[pri:3, instance:parkplus.Tenant@82de64a]" started-at="2020-07-11T15:18:19 IST" name="Click_on_verify_button" finished-at="2020-07-11T15:18:19 IST" duration-ms="12" status="PASS">
          <reporter-output>
          </reporter-output>
        </test-method> <!-- Click_on_verify_button -->
        <test-method signature="enter_otp_in_otp_boxes()[pri:4, instance:parkplus.Tenant@82de64a]" started-at="2020-07-11T15:18:19 IST" name="enter_otp_in_otp_boxes" finished-at="2020-07-11T15:18:19 IST" duration-ms="9" status="PASS">
          <reporter-output>
          </reporter-output>
        </test-method> <!-- enter_otp_in_otp_boxes -->
        <test-method signature="submit_otp()[pri:5, instance:parkplus.Tenant@82de64a]" started-at="2020-07-11T15:18:19 IST" name="submit_otp" finished-at="2020-07-11T15:18:20 IST" duration-ms="1012" status="PASS">
          <reporter-output>
          </reporter-output>
        </test-method> <!-- submit_otp -->
        <test-method signature="Click_on_scan_qr_code_button_to_entry()[pri:6, instance:parkplus.Tenant@82de64a]" started-at="2020-07-11T15:18:20 IST" name="Click_on_scan_qr_code_button_to_entry" finished-at="2020-07-11T15:18:21 IST" duration-ms="1013" status="PASS">
          <reporter-output>
          </reporter-output>
        </test-method> <!-- Click_on_scan_qr_code_button_to_entry -->
        <test-method signature="Enter_qr_code_to_store_entry()[pri:7, instance:parkplus.Tenant@82de64a]" started-at="2020-07-11T15:18:21 IST" name="Enter_qr_code_to_store_entry" finished-at="2020-07-11T15:18:21 IST" duration-ms="26" status="PASS">
          <reporter-output>
          </reporter-output>
        </test-method> <!-- Enter_qr_code_to_store_entry -->
        <test-method signature="submit_qr_code_for__visitor_entry()[pri:8, instance:parkplus.Tenant@82de64a]" started-at="2020-07-11T15:18:21 IST" name="submit_qr_code_for__visitor_entry" finished-at="2020-07-11T15:18:21 IST" duration-ms="7" status="PASS">
          <reporter-output>
          </reporter-output>
        </test-method> <!-- submit_qr_code_for__visitor_entry -->
        <test-method signature="enter_vistors_in_store()[pri:9, instance:parkplus.Tenant@82de64a]" started-at="2020-07-11T15:18:21 IST" name="enter_vistors_in_store" finished-at="2020-07-11T15:18:22 IST" duration-ms="1011" status="PASS">
          <reporter-output>
          </reporter-output>
        </test-method> <!-- enter_vistors_in_store -->
        <test-method signature="Click_on_scan_qr_code_button_to_exit()[pri:10, instance:parkplus.Tenant@82de64a]" started-at="2020-07-11T15:18:22 IST" name="Click_on_scan_qr_code_button_to_exit" finished-at="2020-07-11T15:18:23 IST" duration-ms="1008" status="PASS">
          <reporter-output>
          </reporter-output>
        </test-method> <!-- Click_on_scan_qr_code_button_to_exit -->
        <test-method signature="Enter_qr_code_to_exit()[pri:11, instance:parkplus.Tenant@82de64a]" started-at="2020-07-11T15:18:23 IST" name="Enter_qr_code_to_exit" finished-at="2020-07-11T15:18:23 IST" duration-ms="10" status="PASS">
          <reporter-output>
          </reporter-output>
        </test-method> <!-- Enter_qr_code_to_exit -->
        <test-method signature="submit_qr_code_for_exit()[pri:12, instance:parkplus.Tenant@82de64a]" started-at="2020-07-11T15:18:23 IST" name="submit_qr_code_for_exit" finished-at="2020-07-11T15:18:23 IST" duration-ms="9" status="PASS">
          <reporter-output>
          </reporter-output>
        </test-method> <!-- submit_qr_code_for_exit -->
        <test-method signature="exit_vistors_from_store()[pri:13, instance:parkplus.Tenant@82de64a]" started-at="2020-07-11T15:18:23 IST" name="exit_vistors_from_store" finished-at="2020-07-11T15:18:25 IST" duration-ms="1007" status="PASS">
          <reporter-output>
          </reporter-output>
        </test-method> <!-- exit_vistors_from_store -->
        <test-method signature="tenant_logout()[pri:14, instance:parkplus.Tenant@82de64a]" started-at="2020-07-11T15:18:25 IST" name="tenant_logout" finished-at="2020-07-11T15:18:25 IST" duration-ms="6" status="PASS">
          <reporter-output>
          </reporter-output>
        </test-method> <!-- tenant_logout -->
      </class> <!-- parkplus.Tenant -->
    </test> <!-- Test Class 3 -->
    <test started-at="2020-07-11T15:18:25 IST" name="Test Class 4" finished-at="2020-07-11T15:18:27 IST" duration-ms="2070">
      <class name="parkplus.OperatorExit">
        <test-method is-config="true" signature="initbrowser(java.lang.String)[pri:0, instance:parkplus.OperatorExit@4b8ee4de]" started-at="2020-07-11T15:17:11 IST" name="initbrowser" finished-at="2020-07-11T15:17:15 IST" duration-ms="3699" status="PASS">
          <params>
            <param index="0">
              <value>
                <![CDATA[chrome]]>
              </value>
            </param>
          </params>
          <reporter-output>
          </reporter-output>
        </test-method> <!-- initbrowser -->
        <test-method signature="open_operator_login_page()[pri:0, instance:parkplus.OperatorExit@4b8ee4de]" started-at="2020-07-11T15:18:25 IST" name="open_operator_login_page" finished-at="2020-07-11T15:18:25 IST" duration-ms="5" status="PASS">
          <reporter-output>
          </reporter-output>
        </test-method> <!-- open_operator_login_page -->
        <test-method signature="clear_phone_text_field()[pri:1, instance:parkplus.OperatorExit@4b8ee4de]" started-at="2020-07-11T15:18:25 IST" name="clear_phone_text_field" finished-at="2020-07-11T15:18:25 IST" duration-ms="6" status="PASS">
          <reporter-output>
          </reporter-output>
        </test-method> <!-- clear_phone_text_field -->
        <test-method signature="input_phone_number_in_text_field()[pri:2, instance:parkplus.OperatorExit@4b8ee4de]" started-at="2020-07-11T15:18:25 IST" name="input_phone_number_in_text_field" finished-at="2020-07-11T15:18:25 IST" duration-ms="6" status="PASS">
          <reporter-output>
          </reporter-output>
        </test-method> <!-- input_phone_number_in_text_field -->
        <test-method signature="Click_on_verify_button()[pri:3, instance:parkplus.OperatorExit@4b8ee4de]" started-at="2020-07-11T15:18:25 IST" name="Click_on_verify_button" finished-at="2020-07-11T15:18:25 IST" duration-ms="11" status="PASS">
          <reporter-output>
          </reporter-output>
        </test-method> <!-- Click_on_verify_button -->
        <test-method signature="enter_otp_in_otp_boxes()[pri:4, instance:parkplus.OperatorExit@4b8ee4de]" started-at="2020-07-11T15:18:25 IST" name="enter_otp_in_otp_boxes" finished-at="2020-07-11T15:18:25 IST" duration-ms="4" status="PASS">
          <reporter-output>
          </reporter-output>
        </test-method> <!-- enter_otp_in_otp_boxes -->
        <test-method signature="submit_otp()[pri:5, instance:parkplus.OperatorExit@4b8ee4de]" started-at="2020-07-11T15:18:25 IST" name="submit_otp" finished-at="2020-07-11T15:18:26 IST" duration-ms="1006" status="PASS">
          <reporter-output>
          </reporter-output>
        </test-method> <!-- submit_otp -->
        <test-method signature="Click_on_scan_qr_code_button()[pri:6, instance:parkplus.OperatorExit@4b8ee4de]" started-at="2020-07-11T15:18:26 IST" name="Click_on_scan_qr_code_button" finished-at="2020-07-11T15:18:27 IST" duration-ms="1009" status="PASS">
          <reporter-output>
          </reporter-output>
        </test-method> <!-- Click_on_scan_qr_code_button -->
        <test-method signature="Enter_qr_code_to_exit_from_mall()[pri:7, instance:parkplus.OperatorExit@4b8ee4de]" started-at="2020-07-11T15:18:27 IST" name="Enter_qr_code_to_exit_from_mall" finished-at="2020-07-11T15:18:27 IST" duration-ms="8" status="PASS">
          <reporter-output>
          </reporter-output>
        </test-method> <!-- Enter_qr_code_to_exit_from_mall -->
        <test-method signature="submit_qr_code_for_exit_from_mall()[pri:8, instance:parkplus.OperatorExit@4b8ee4de]" started-at="2020-07-11T15:18:27 IST" name="submit_qr_code_for_exit_from_mall" finished-at="2020-07-11T15:18:27 IST" duration-ms="8" status="PASS">
          <reporter-output>
          </reporter-output>
        </test-method> <!-- submit_qr_code_for_exit_from_mall -->
      </class> <!-- parkplus.OperatorExit -->
    </test> <!-- Test Class 4 -->
  </suite> <!-- Suite -->
</testng-results>
